Using pre-set license
Built from '2020.3/staging' branch; Version is '2020.3.25f1 (9b9180224418) revision 10195328'; Using compiler version '192528614'; Build Type 'Release'
OS: 'Windows 10  (10.0.19044) 64bit ProfessionalN' Language: 'en' Physical Memory: 12224 MB
BatchMode: 1, IsHumanControllingUs: 0, StartBugReporterOnCrash: 0, Is64bit: 1, IsPro: 0

COMMAND LINE ARGUMENTS:
C:\Program Files\Unity\Hub\Editor\2020.3.25f1\Editor\Unity.exe
-adb2
-batchMode
-noUpm
-name
AssetImportWorker0
-projectPath
D:/GitHubClonesRepositry/chessgithub/3DChess/Geometric-Chess-master_clone_0
-logFile
Logs/AssetImportWorker0.log
-srvPort
58996
Successfully changed project path to: D:/GitHubClonesRepositry/chessgithub/3DChess/Geometric-Chess-master_clone_0
D:/GitHubClonesRepositry/chessgithub/3DChess/Geometric-Chess-master_clone_0
Using Asset Import Pipeline V2.
Refreshing native plugins compatible for Editor in 82.50 ms, found 6 plugins.
Preloading 0 native plugins for Editor in 0.00 ms.
Initialize engine version: 2020.3.25f1 (9b9180224418)
[Subsystems] Discovering subsystems at path C:/Program Files/Unity/Hub/Editor/2020.3.25f1/Editor/Data/Resources/UnitySubsystems
[Subsystems] Discovering subsystems at path D:/GitHubClonesRepositry/chessgithub/3DChess/Geometric-Chess-master_clone_0/Assets
GfxDevice: creating device client; threaded=0
Direct3D:
    Version:  Direct3D 11.0 [level 11.1]
    Renderer: NVIDIA GeForce GTX 1660 (ID=0x2184)
    Vendor:   
    VRAM:     5992 MB
    Driver:   30.0.15.1277
Initialize mono
Mono path[0] = 'C:/Program Files/Unity/Hub/Editor/2020.3.25f1/Editor/Data/Managed'
Mono path[1] = 'C:/Program Files/Unity/Hub/Editor/2020.3.25f1/Editor/Data/MonoBleedingEdge/lib/mono/unityjit'
Mono config path = 'C:/Program Files/Unity/Hub/Editor/2020.3.25f1/Editor/Data/MonoBleedingEdge/etc'
Using monoOptions --debugger-agent=transport=dt_socket,embedding=1,server=y,suspend=n,address=127.0.0.1:56100
Begin MonoManager ReloadAssembly
Registering precompiled unity dll's ...
Register platform support module: C:/Program Files/Unity/Hub/Editor/2020.3.25f1/Editor/Data/PlaybackEngines/WindowsStandaloneSupport/UnityEditor.WindowsStandalone.Extensions.dll
Registered in 0.001995 seconds.
Native extension for WindowsStandalone target not found
Refreshing native plugins compatible for Editor in 66.87 ms, found 6 plugins.
Preloading 0 native plugins for Editor in 0.00 ms.
Mono: successfully reloaded assembly
- Completed reload, in  0.647 seconds
Domain Reload Profiling:
	ReloadAssembly (648ms)
		BeginReloadAssembly (61ms)
			ExecutionOrderSort (0ms)
			DisableScriptedObjects (0ms)
			BackupInstance (0ms)
			ReleaseScriptingObjects (0ms)
			CreateAndSetChildDomain (1ms)
		EndReloadAssembly (502ms)
			LoadAssemblies (57ms)
			RebuildTransferFunctionScriptingTraits (0ms)
			SetupTypeCache (158ms)
			ReleaseScriptCaches (0ms)
			RebuildScriptCaches (36ms)
			SetupLoadedEditorAssemblies (204ms)
				LogAssemblyErrors (0ms)
				InitializePlatformSupportModulesInManaged (5ms)
				SetLoadedEditorAssemblies (0ms)
				RefreshPlugins (67ms)
				BeforeProcessingInitializeOnLoad (16ms)
				ProcessInitializeOnLoadAttributes (86ms)
				ProcessInitializeOnLoadMethodAttributes (29ms)
				AfterProcessingInitializeOnLoad (0ms)
				EditorAssembliesLoaded (0ms)
			ExecutionOrderSort2 (0ms)
			AwakeInstancesAfterBackupRestoration (0ms)
Platform modules already initialized, skipping
Registering precompiled user dll's ...
Registered in 0.009213 seconds.
Begin MonoManager ReloadAssembly
Native extension for WindowsStandalone target not found
Refreshing native plugins compatible for Editor in 70.25 ms, found 6 plugins.
Preloading 0 native plugins for Editor in 0.00 ms.
Mono: successfully reloaded assembly
Fallback handler could not load library C:/Program Files/Unity/Hub/Editor/2020.3.25f1/Editor/Data/Mono/lib/libdl
Fallback handler could not load library C:/Program Files/Unity/Hub/Editor/2020.3.25f1/Editor/Data/Mono/lib/libdl.dll
Fallback handler could not load library C:/Program Files/Unity/Hub/Editor/2020.3.25f1/Editor/Data/Mono/lib/libdl
Fallback handler could not load library C:/Program Files/Unity/Hub/Editor/2020.3.25f1/Editor/Data/Mono/lib/libdl
Fallback handler could not load library C:/Program Files/Unity/Hub/Editor/2020.3.25f1/Editor/Data/Mono/lib/libdl.dll
Fallback handler could not load library C:/Program Files/Unity/Hub/Editor/2020.3.25f1/Editor/Data/Mono/lib/libdl
- Completed reload, in  1.390 seconds
Domain Reload Profiling:
	ReloadAssembly (1391ms)
		BeginReloadAssembly (149ms)
			ExecutionOrderSort (0ms)
			DisableScriptedObjects (5ms)
			BackupInstance (0ms)
			ReleaseScriptingObjects (0ms)
			CreateAndSetChildDomain (20ms)
		EndReloadAssembly (1179ms)
			LoadAssemblies (106ms)
			RebuildTransferFunctionScriptingTraits (0ms)
			SetupTypeCache (351ms)
			ReleaseScriptCaches (1ms)
			RebuildScriptCaches (73ms)
			SetupLoadedEditorAssemblies (456ms)
				LogAssemblyErrors (0ms)
				InitializePlatformSupportModulesInManaged (4ms)
				SetLoadedEditorAssemblies (0ms)
				RefreshPlugins (70ms)
				BeforeProcessingInitializeOnLoad (125ms)
				ProcessInitializeOnLoadAttributes (237ms)
				ProcessInitializeOnLoadMethodAttributes (12ms)
				AfterProcessingInitializeOnLoad (7ms)
				EditorAssembliesLoaded (0ms)
			ExecutionOrderSort2 (0ms)
			AwakeInstancesAfterBackupRestoration (7ms)
Platform modules already initialized, skipping
========================================================================
Worker process is ready to serve import requests
Launched and connected shader compiler UnityShaderCompiler.exe after 0.07 seconds
Refreshing native plugins compatible for Editor in 1.28 ms, found 6 plugins.
Preloading 0 native plugins for Editor in 0.00 ms.
Unloading 3362 Unused Serialized files (Serialized files now loaded: 0)
System memory in use before: 149.6 MB.
System memory in use after: 144.0 MB.

Unloading 144 unused Assets to reduce memory usage. Loaded Objects now: 3689.
Total: 10.630100 ms (FindLiveObjects: 0.572500 ms CreateObjectMapping: 3.751800 ms MarkObjects: 4.037200 ms  DeleteObjects: 2.266900 ms)

AssetImportParameters requested are different than current active one (requested -> active):
  custom:framework-win-MediaFoundation: 216162199b28c13a410421893ffa2e32 -> 
  custom:video-decoder-ogg-theora: a1e56fd34408186e4bbccfd4996cb3dc -> 
  custom:container-muxer-webm: aa71ff27fc2769a1b78a27578f13a17b -> 
  custom:container-demuxer-webm: 4f35f7cbe854078d1ac9338744f61a02 -> 
  custom:container-demuxer-ogg: 62fdf1f143b41e24485cea50d1cbac27 -> 
  custom:video-encoder-webm-vp8: eb34c28f22e8b96e1ab97ce403110664 -> 
  custom:video-decoder-webm-vp8: 9c59270c3fd7afecdb556c50c9e8de78 -> 
  custom:audio-decoder-ogg-vorbis: bf7c407c2cedff20999df2af8eb42d56 -> 
  custom:audio-encoder-webm-vorbis: bf7c407c2cedff20999df2af8eb42d56 -> 
========================================================================
Received Import Request.
  path: Assets/Scenes/onlineMenu.unity
  artifactKey: Guid(2a8b5ccfd1d1b0242a082556bb2bb3db) Importer(815301076,1909f56bfc062723c751e8b465ee728b)
Start importing Assets/Scenes/onlineMenu.unity using Guid(2a8b5ccfd1d1b0242a082556bb2bb3db) Importer(815301076,1909f56bfc062723c751e8b465ee728b)  -> (artifact id: 'fe738fb8d979a608dd890a193a3a489f') in 0.035034 seconds 
  Import took 0.055747 seconds .

========================================================================
Received Import Request.
  Time since last request: 0.000329 seconds.
  path: Assets/Scenes/onlineMain.unity
  artifactKey: Guid(22802095b1607d24da8b22cb5fd79b4f) Importer(815301076,1909f56bfc062723c751e8b465ee728b)
Start importing Assets/Scenes/onlineMain.unity using Guid(22802095b1607d24da8b22cb5fd79b4f) Importer(815301076,1909f56bfc062723c751e8b465ee728b)  -> (artifact id: 'f2ed54fb61a307c889364162085a8c27') in 0.014086 seconds 
  Import took 0.033314 seconds .

========================================================================
Received Prepare
Registering precompiled user dll's ...
Registered in 0.013254 seconds.
Begin MonoManager ReloadAssembly
Fallback handler could not load library C:/Program Files/Unity/Hub/Editor/2020.3.25f1/Editor/Data/Mono/lib/libdl
Fallback handler could not load library C:/Program Files/Unity/Hub/Editor/2020.3.25f1/Editor/Data/Mono/lib/libdl.dll
Fallback handler could not load library C:/Program Files/Unity/Hub/Editor/2020.3.25f1/Editor/Data/Mono/lib/libdl
Native extension for WindowsStandalone target not found
Refreshing native plugins compatible for Editor in 0.99 ms, found 6 plugins.
Preloading 0 native plugins for Editor in 0.00 ms.
Mono: successfully reloaded assembly
Fallback handler could not load library C:/Program Files/Unity/Hub/Editor/2020.3.25f1/Editor/Data/Mono/lib/libdl
Fallback handler could not load library C:/Program Files/Unity/Hub/Editor/2020.3.25f1/Editor/Data/Mono/lib/libdl.dll
Fallback handler could not load library C:/Program Files/Unity/Hub/Editor/2020.3.25f1/Editor/Data/Mono/lib/libdl
Fallback handler could not load library C:/Program Files/Unity/Hub/Editor/2020.3.25f1/Editor/Data/Mono/lib/libdl
Fallback handler could not load library C:/Program Files/Unity/Hub/Editor/2020.3.25f1/Editor/Data/Mono/lib/libdl.dll
Fallback handler could not load library C:/Program Files/Unity/Hub/Editor/2020.3.25f1/Editor/Data/Mono/lib/libdl
- Completed reload, in  1.295 seconds
Domain Reload Profiling:
	ReloadAssembly (1295ms)
		BeginReloadAssembly (195ms)
			ExecutionOrderSort (0ms)
			DisableScriptedObjects (6ms)
			BackupInstance (0ms)
			ReleaseScriptingObjects (0ms)
			CreateAndSetChildDomain (49ms)
		EndReloadAssembly (1031ms)
			LoadAssemblies (112ms)
			RebuildTransferFunctionScriptingTraits (0ms)
			SetupTypeCache (353ms)
			ReleaseScriptCaches (1ms)
			RebuildScriptCaches (53ms)
			SetupLoadedEditorAssemblies (362ms)
				LogAssemblyErrors (0ms)
				InitializePlatformSupportModulesInManaged (4ms)
				SetLoadedEditorAssemblies (1ms)
				RefreshPlugins (1ms)
				BeforeProcessingInitializeOnLoad (113ms)
				ProcessInitializeOnLoadAttributes (224ms)
				ProcessInitializeOnLoadMethodAttributes (11ms)
				AfterProcessingInitializeOnLoad (8ms)
				EditorAssembliesLoaded (0ms)
			ExecutionOrderSort2 (0ms)
			AwakeInstancesAfterBackupRestoration (15ms)
Platform modules already initialized, skipping
Switching build target platform(19) subTarget(0) extendedPlatform(0) -> platform(13) subTarget(589824) extendedPlatform(0)
Refreshing native plugins compatible for Editor in 1.03 ms, found 6 plugins.
Preloading 0 native plugins for Editor in 0.00 ms.
Unloading 3289 Unused Serialized files (Serialized files now loaded: 0)
System memory in use before: 145.7 MB.
System memory in use after: 140.1 MB.

Unloading 138 unused Assets to reduce memory usage. Loaded Objects now: 3692.
Total: 5.839300 ms (FindLiveObjects: 0.292000 ms CreateObjectMapping: 0.177300 ms MarkObjects: 3.224800 ms  DeleteObjects: 2.143700 ms)

AssetImportParameters requested are different than current active one (requested -> active):
  custom:framework-win-MediaFoundation: 216162199b28c13a410421893ffa2e32 -> 
  custom:video-decoder-ogg-theora: a1e56fd34408186e4bbccfd4996cb3dc -> 
  custom:container-muxer-webm: aa71ff27fc2769a1b78a27578f13a17b -> 
  custom:container-demuxer-webm: 4f35f7cbe854078d1ac9338744f61a02 -> 
  custom:container-demuxer-ogg: 62fdf1f143b41e24485cea50d1cbac27 -> 
  custom:video-encoder-webm-vp8: eb34c28f22e8b96e1ab97ce403110664 -> 
  custom:video-decoder-webm-vp8: 9c59270c3fd7afecdb556c50c9e8de78 -> 
  custom:graphics/normal-map-encoding: 01000000000000000000000000000000 -> 02000000000000000000000000000000
  custom:audio-decoder-ogg-vorbis: bf7c407c2cedff20999df2af8eb42d56 -> 
  custom:audio-encoder-webm-vorbis: bf7c407c2cedff20999df2af8eb42d56 -> 
========================================================================
Received Prepare
Registering precompiled user dll's ...
Registered in 0.008356 seconds.
Begin MonoManager ReloadAssembly
Fallback handler could not load library C:/Program Files/Unity/Hub/Editor/2020.3.25f1/Editor/Data/Mono/lib/libdl
Fallback handler could not load library C:/Program Files/Unity/Hub/Editor/2020.3.25f1/Editor/Data/Mono/lib/libdl.dll
Fallback handler could not load library C:/Program Files/Unity/Hub/Editor/2020.3.25f1/Editor/Data/Mono/lib/libdl
Native extension for WindowsStandalone target not found
Refreshing native plugins compatible for Editor in 1.00 ms, found 6 plugins.
Preloading 0 native plugins for Editor in 0.00 ms.
Mono: successfully reloaded assembly
Fallback handler could not load library C:/Program Files/Unity/Hub/Editor/2020.3.25f1/Editor/Data/Mono/lib/libdl
Fallback handler could not load library C:/Program Files/Unity/Hub/Editor/2020.3.25f1/Editor/Data/Mono/lib/libdl.dll
Fallback handler could not load library C:/Program Files/Unity/Hub/Editor/2020.3.25f1/Editor/Data/Mono/lib/libdl
Fallback handler could not load library C:/Program Files/Unity/Hub/Editor/2020.3.25f1/Editor/Data/Mono/lib/libdl
Fallback handler could not load library C:/Program Files/Unity/Hub/Editor/2020.3.25f1/Editor/Data/Mono/lib/libdl.dll
Fallback handler could not load library C:/Program Files/Unity/Hub/Editor/2020.3.25f1/Editor/Data/Mono/lib/libdl
- Completed reload, in  1.284 seconds
Domain Reload Profiling:
	ReloadAssembly (1285ms)
		BeginReloadAssembly (188ms)
			ExecutionOrderSort (0ms)
			DisableScriptedObjects (5ms)
			BackupInstance (0ms)
			ReleaseScriptingObjects (0ms)
			CreateAndSetChildDomain (40ms)
		EndReloadAssembly (1028ms)
			LoadAssemblies (104ms)
			RebuildTransferFunctionScriptingTraits (0ms)
			SetupTypeCache (339ms)
			ReleaseScriptCaches (2ms)
			RebuildScriptCaches (53ms)
			SetupLoadedEditorAssemblies (365ms)
				LogAssemblyErrors (0ms)
				InitializePlatformSupportModulesInManaged (4ms)
				SetLoadedEditorAssemblies (1ms)
				RefreshPlugins (1ms)
				BeforeProcessingInitializeOnLoad (112ms)
				ProcessInitializeOnLoadAttributes (228ms)
				ProcessInitializeOnLoadMethodAttributes (11ms)
				AfterProcessingInitializeOnLoad (7ms)
				EditorAssembliesLoaded (0ms)
			ExecutionOrderSort2 (0ms)
			AwakeInstancesAfterBackupRestoration (16ms)
Platform modules already initialized, skipping
Switching build target platform(19) subTarget(0) extendedPlatform(0) -> platform(13) subTarget(589824) extendedPlatform(0)
Refreshing native plugins compatible for Editor in 1.01 ms, found 6 plugins.
Preloading 0 native plugins for Editor in 0.00 ms.
Unloading 3289 Unused Serialized files (Serialized files now loaded: 0)
System memory in use before: 145.7 MB.
System memory in use after: 140.2 MB.

Unloading 138 unused Assets to reduce memory usage. Loaded Objects now: 3695.
Total: 6.187800 ms (FindLiveObjects: 0.375500 ms CreateObjectMapping: 0.298000 ms MarkObjects: 3.026800 ms  DeleteObjects: 2.486100 ms)

AssetImportParameters requested are different than current active one (requested -> active):
  custom:framework-win-MediaFoundation: 216162199b28c13a410421893ffa2e32 -> 
  custom:video-decoder-ogg-theora: a1e56fd34408186e4bbccfd4996cb3dc -> 
  custom:container-muxer-webm: aa71ff27fc2769a1b78a27578f13a17b -> 
  custom:container-demuxer-webm: 4f35f7cbe854078d1ac9338744f61a02 -> 
  custom:container-demuxer-ogg: 62fdf1f143b41e24485cea50d1cbac27 -> 
  custom:video-encoder-webm-vp8: eb34c28f22e8b96e1ab97ce403110664 -> 
  custom:video-decoder-webm-vp8: 9c59270c3fd7afecdb556c50c9e8de78 -> 
  custom:graphics/normal-map-encoding: 01000000000000000000000000000000 -> 02000000000000000000000000000000
  custom:audio-decoder-ogg-vorbis: bf7c407c2cedff20999df2af8eb42d56 -> 
  custom:audio-encoder-webm-vorbis: bf7c407c2cedff20999df2af8eb42d56 -> 
========================================================================
Received Prepare
Registering precompiled user dll's ...
Registered in 0.015247 seconds.
Begin MonoManager ReloadAssembly
Fallback handler could not load library C:/Program Files/Unity/Hub/Editor/2020.3.25f1/Editor/Data/Mono/lib/libdl
Fallback handler could not load library C:/Program Files/Unity/Hub/Editor/2020.3.25f1/Editor/Data/Mono/lib/libdl.dll
Fallback handler could not load library C:/Program Files/Unity/Hub/Editor/2020.3.25f1/Editor/Data/Mono/lib/libdl
Native extension for WindowsStandalone target not found
Refreshing native plugins compatible for Editor in 1.85 ms, found 6 plugins.
Preloading 0 native plugins for Editor in 0.00 ms.
Mono: successfully reloaded assembly
Fallback handler could not load library C:/Program Files/Unity/Hub/Editor/2020.3.25f1/Editor/Data/Mono/lib/libdl
Fallback handler could not load library C:/Program Files/Unity/Hub/Editor/2020.3.25f1/Editor/Data/Mono/lib/libdl.dll
Fallback handler could not load library C:/Program Files/Unity/Hub/Editor/2020.3.25f1/Editor/Data/Mono/lib/libdl
Fallback handler could not load library C:/Program Files/Unity/Hub/Editor/2020.3.25f1/Editor/Data/Mono/lib/libdl
Fallback handler could not load library C:/Program Files/Unity/Hub/Editor/2020.3.25f1/Editor/Data/Mono/lib/libdl.dll
Fallback handler could not load library C:/Program Files/Unity/Hub/Editor/2020.3.25f1/Editor/Data/Mono/lib/libdl
- Completed reload, in  2.054 seconds
Domain Reload Profiling:
	ReloadAssembly (2055ms)
		BeginReloadAssembly (256ms)
			ExecutionOrderSort (0ms)
			DisableScriptedObjects (8ms)
			BackupInstance (0ms)
			ReleaseScriptingObjects (0ms)
			CreateAndSetChildDomain (67ms)
		EndReloadAssembly (1697ms)
			LoadAssemblies (172ms)
			RebuildTransferFunctionScriptingTraits (0ms)
			SetupTypeCache (557ms)
			ReleaseScriptCaches (2ms)
			RebuildScriptCaches (83ms)
			SetupLoadedEditorAssemblies (607ms)
				LogAssemblyErrors (0ms)
				InitializePlatformSupportModulesInManaged (7ms)
				SetLoadedEditorAssemblies (1ms)
				RefreshPlugins (2ms)
				BeforeProcessingInitializeOnLoad (176ms)
				ProcessInitializeOnLoadAttributes (393ms)
				ProcessInitializeOnLoadMethodAttributes (20ms)
				AfterProcessingInitializeOnLoad (8ms)
				EditorAssembliesLoaded (1ms)
			ExecutionOrderSort2 (0ms)
			AwakeInstancesAfterBackupRestoration (26ms)
Platform modules already initialized, skipping
Switching build target platform(19) subTarget(0) extendedPlatform(0) -> platform(13) subTarget(589824) extendedPlatform(0)
Refreshing native plugins compatible for Editor in 1.23 ms, found 6 plugins.
Preloading 0 native plugins for Editor in 0.00 ms.
Unloading 3289 Unused Serialized files (Serialized files now loaded: 0)
System memory in use before: 145.8 MB.
System memory in use after: 140.2 MB.

Unloading 138 unused Assets to reduce memory usage. Loaded Objects now: 3698.
Total: 9.696600 ms (FindLiveObjects: 0.415200 ms CreateObjectMapping: 0.323500 ms MarkObjects: 5.007700 ms  DeleteObjects: 3.941400 ms)

AssetImportParameters requested are different than current active one (requested -> active):
  custom:framework-win-MediaFoundation: 216162199b28c13a410421893ffa2e32 -> 
  custom:video-decoder-ogg-theora: a1e56fd34408186e4bbccfd4996cb3dc -> 
  custom:container-muxer-webm: aa71ff27fc2769a1b78a27578f13a17b -> 
  custom:container-demuxer-webm: 4f35f7cbe854078d1ac9338744f61a02 -> 
  custom:container-demuxer-ogg: 62fdf1f143b41e24485cea50d1cbac27 -> 
  custom:video-encoder-webm-vp8: eb34c28f22e8b96e1ab97ce403110664 -> 
  custom:video-decoder-webm-vp8: 9c59270c3fd7afecdb556c50c9e8de78 -> 
  custom:graphics/normal-map-encoding: 01000000000000000000000000000000 -> 02000000000000000000000000000000
  custom:audio-decoder-ogg-vorbis: bf7c407c2cedff20999df2af8eb42d56 -> 
  custom:audio-encoder-webm-vorbis: bf7c407c2cedff20999df2af8eb42d56 -> 
========================================================================
Received Prepare
Registering precompiled user dll's ...
Registered in 0.010519 seconds.
Begin MonoManager ReloadAssembly
Fallback handler could not load library C:/Program Files/Unity/Hub/Editor/2020.3.25f1/Editor/Data/Mono/lib/libdl
Fallback handler could not load library C:/Program Files/Unity/Hub/Editor/2020.3.25f1/Editor/Data/Mono/lib/libdl.dll
Fallback handler could not load library C:/Program Files/Unity/Hub/Editor/2020.3.25f1/Editor/Data/Mono/lib/libdl
Native extension for WindowsStandalone target not found
Refreshing native plugins compatible for Editor in 1.33 ms, found 6 plugins.
Preloading 0 native plugins for Editor in 0.00 ms.
Mono: successfully reloaded assembly
Fallback handler could not load library C:/Program Files/Unity/Hub/Editor/2020.3.25f1/Editor/Data/Mono/lib/libdl
Fallback handler could not load library C:/Program Files/Unity/Hub/Editor/2020.3.25f1/Editor/Data/Mono/lib/libdl.dll
Fallback handler could not load library C:/Program Files/Unity/Hub/Editor/2020.3.25f1/Editor/Data/Mono/lib/libdl
Fallback handler could not load library C:/Program Files/Unity/Hub/Editor/2020.3.25f1/Editor/Data/Mono/lib/libdl
Fallback handler could not load library C:/Program Files/Unity/Hub/Editor/2020.3.25f1/Editor/Data/Mono/lib/libdl.dll
Fallback handler could not load library C:/Program Files/Unity/Hub/Editor/2020.3.25f1/Editor/Data/Mono/lib/libdl
- Completed reload, in  1.570 seconds
Domain Reload Profiling:
	ReloadAssembly (1570ms)
		BeginReloadAssembly (171ms)
			ExecutionOrderSort (0ms)
			DisableScriptedObjects (6ms)
			BackupInstance (0ms)
			ReleaseScriptingObjects (0ms)
			CreateAndSetChildDomain (52ms)
		EndReloadAssembly (1319ms)
			LoadAssemblies (133ms)
			RebuildTransferFunctionScriptingTraits (0ms)
			SetupTypeCache (444ms)
			ReleaseScriptCaches (1ms)
			RebuildScriptCaches (67ms)
			SetupLoadedEditorAssemblies (449ms)
				LogAssemblyErrors (0ms)
				InitializePlatformSupportModulesInManaged (5ms)
				SetLoadedEditorAssemblies (1ms)
				RefreshPlugins (2ms)
				BeforeProcessingInitializeOnLoad (142ms)
				ProcessInitializeOnLoadAttributes (278ms)
				ProcessInitializeOnLoadMethodAttributes (13ms)
				AfterProcessingInitializeOnLoad (7ms)
				EditorAssembliesLoaded (0ms)
			ExecutionOrderSort2 (0ms)
			AwakeInstancesAfterBackupRestoration (18ms)
Platform modules already initialized, skipping
Switching build target platform(19) subTarget(0) extendedPlatform(0) -> platform(13) subTarget(589824) extendedPlatform(0)
Refreshing native plugins compatible for Editor in 1.13 ms, found 6 plugins.
Preloading 0 native plugins for Editor in 0.00 ms.
Unloading 3289 Unused Serialized files (Serialized files now loaded: 0)
System memory in use before: 145.8 MB.
System memory in use after: 140.2 MB.

Unloading 138 unused Assets to reduce memory usage. Loaded Objects now: 3701.
Total: 7.203400 ms (FindLiveObjects: 0.295500 ms CreateObjectMapping: 0.205200 ms MarkObjects: 3.802500 ms  DeleteObjects: 2.898600 ms)

AssetImportParameters requested are different than current active one (requested -> active):
  custom:framework-win-MediaFoundation: 216162199b28c13a410421893ffa2e32 -> 
  custom:video-decoder-ogg-theora: a1e56fd34408186e4bbccfd4996cb3dc -> 
  custom:container-muxer-webm: aa71ff27fc2769a1b78a27578f13a17b -> 
  custom:container-demuxer-webm: 4f35f7cbe854078d1ac9338744f61a02 -> 
  custom:container-demuxer-ogg: 62fdf1f143b41e24485cea50d1cbac27 -> 
  custom:video-encoder-webm-vp8: eb34c28f22e8b96e1ab97ce403110664 -> 
  custom:video-decoder-webm-vp8: 9c59270c3fd7afecdb556c50c9e8de78 -> 
  custom:graphics/normal-map-encoding: 01000000000000000000000000000000 -> 02000000000000000000000000000000
  custom:audio-decoder-ogg-vorbis: bf7c407c2cedff20999df2af8eb42d56 -> 
  custom:audio-encoder-webm-vorbis: bf7c407c2cedff20999df2af8eb42d56 -> 
========================================================================
Received Prepare
Registering precompiled user dll's ...
Registered in 0.019138 seconds.
Begin MonoManager ReloadAssembly
Fallback handler could not load library C:/Program Files/Unity/Hub/Editor/2020.3.25f1/Editor/Data/Mono/lib/libdl
Fallback handler could not load library C:/Program Files/Unity/Hub/Editor/2020.3.25f1/Editor/Data/Mono/lib/libdl.dll
Fallback handler could not load library C:/Program Files/Unity/Hub/Editor/2020.3.25f1/Editor/Data/Mono/lib/libdl
Native extension for WindowsStandalone target not found
Refreshing native plugins compatible for Editor in 1.35 ms, found 6 plugins.
Preloading 0 native plugins for Editor in 0.00 ms.
Mono: successfully reloaded assembly
Fallback handler could not load library C:/Program Files/Unity/Hub/Editor/2020.3.25f1/Editor/Data/Mono/lib/libdl
Fallback handler could not load library C:/Program Files/Unity/Hub/Editor/2020.3.25f1/Editor/Data/Mono/lib/libdl.dll
Fallback handler could not load library C:/Program Files/Unity/Hub/Editor/2020.3.25f1/Editor/Data/Mono/lib/libdl
Fallback handler could not load library C:/Program Files/Unity/Hub/Editor/2020.3.25f1/Editor/Data/Mono/lib/libdl
Fallback handler could not load library C:/Program Files/Unity/Hub/Editor/2020.3.25f1/Editor/Data/Mono/lib/libdl.dll
Fallback handler could not load library C:/Program Files/Unity/Hub/Editor/2020.3.25f1/Editor/Data/Mono/lib/libdl
- Completed reload, in  2.078 seconds
Domain Reload Profiling:
	ReloadAssembly (2079ms)
		BeginReloadAssembly (234ms)
			ExecutionOrderSort (0ms)
			DisableScriptedObjects (11ms)
			BackupInstance (0ms)
			ReleaseScriptingObjects (0ms)
			CreateAndSetChildDomain (65ms)
		EndReloadAssembly (1734ms)
			LoadAssemblies (165ms)
			RebuildTransferFunctionScriptingTraits (0ms)
			SetupTypeCache (596ms)
			ReleaseScriptCaches (2ms)
			RebuildScriptCaches (84ms)
			SetupLoadedEditorAssemblies (593ms)
				LogAssemblyErrors (0ms)
				InitializePlatformSupportModulesInManaged (8ms)
				SetLoadedEditorAssemblies (1ms)
				RefreshPlugins (1ms)
				BeforeProcessingInitializeOnLoad (172ms)
				ProcessInitializeOnLoadAttributes (384ms)
				ProcessInitializeOnLoadMethodAttributes (18ms)
				AfterProcessingInitializeOnLoad (8ms)
				EditorAssembliesLoaded (1ms)
			ExecutionOrderSort2 (0ms)
			AwakeInstancesAfterBackupRestoration (22ms)
Platform modules already initialized, skipping
Switching build target platform(19) subTarget(0) extendedPlatform(0) -> platform(13) subTarget(589824) extendedPlatform(0)
Refreshing native plugins compatible for Editor in 1.73 ms, found 6 plugins.
Preloading 0 native plugins for Editor in 0.00 ms.
Unloading 3289 Unused Serialized files (Serialized files now loaded: 0)
System memory in use before: 145.8 MB.
System memory in use after: 140.3 MB.

Unloading 138 unused Assets to reduce memory usage. Loaded Objects now: 3704.
Total: 10.259400 ms (FindLiveObjects: 0.535600 ms CreateObjectMapping: 0.473200 ms MarkObjects: 5.718500 ms  DeleteObjects: 3.529700 ms)

AssetImportParameters requested are different than current active one (requested -> active):
  custom:framework-win-MediaFoundation: 216162199b28c13a410421893ffa2e32 -> 
  custom:video-decoder-ogg-theora: a1e56fd34408186e4bbccfd4996cb3dc -> 
  custom:container-muxer-webm: aa71ff27fc2769a1b78a27578f13a17b -> 
  custom:container-demuxer-webm: 4f35f7cbe854078d1ac9338744f61a02 -> 
  custom:container-demuxer-ogg: 62fdf1f143b41e24485cea50d1cbac27 -> 
  custom:video-encoder-webm-vp8: eb34c28f22e8b96e1ab97ce403110664 -> 
  custom:video-decoder-webm-vp8: 9c59270c3fd7afecdb556c50c9e8de78 -> 
  custom:graphics/normal-map-encoding: 01000000000000000000000000000000 -> 02000000000000000000000000000000
  custom:audio-decoder-ogg-vorbis: bf7c407c2cedff20999df2af8eb42d56 -> 
  custom:audio-encoder-webm-vorbis: bf7c407c2cedff20999df2af8eb42d56 -> 
AssetImportWorkerClient::OnTransportError - code=2 error=End of file
