Using pre-set license
Built from '2020.2/staging' branch; Version is '2020.2.3f1 (8ff31bc5bf5b) revision 9433883'; Using compiler version '192528614'; Build Type 'Release'
OS: 'Windows 10 Pro; OS build 19044.1645; Version 2009; 64bit' Language: 'en' Physical Memory: 16328 MB
BatchMode: 1, IsHumanControllingUs: 0, StartBugReporterOnCrash: 0, Is64bit: 1, IsPro: 0

 COMMAND LINE ARGUMENTS:
C:\Program Files\Unity\Hub\Editor\2020.2.3f1\Editor\Unity.exe
-adb2
-batchMode
-noUpm
-name
AssetImportWorker0
-projectPath
D:/3DChess/Geometric-Chess-master
-logFile
Logs/AssetImportWorker0.log
-srvPort
65121
Successfully changed project path to: D:/3DChess/Geometric-Chess-master
D:/3DChess/Geometric-Chess-master
Using Asset Import Pipeline V2.
Refreshing native plugins compatible for Editor in 50.08 ms, found 6 plugins.
Preloading 0 native plugins for Editor in 0.00 ms.
Initialize engine version: 2020.2.3f1 (8ff31bc5bf5b)
[Subsystems] Discovering subsystems at path C:/Program Files/Unity/Hub/Editor/2020.2.3f1/Editor/Data/Resources/UnitySubsystems
[Subsystems] Discovering subsystems at path D:/3DChess/Geometric-Chess-master/Assets
GfxDevice: creating device client; threaded=0
Direct3D:
    Version:  Direct3D 11.0 [level 11.1]
    Renderer: NVIDIA GeForce GTX 1050 Ti (ID=0x1c82)
    Vendor:   
    VRAM:     4018 MB
    Driver:   30.0.15.1259
Initialize mono
Mono path[0] = 'C:/Program Files/Unity/Hub/Editor/2020.2.3f1/Editor/Data/Managed'
Mono path[1] = 'C:/Program Files/Unity/Hub/Editor/2020.2.3f1/Editor/Data/MonoBleedingEdge/lib/mono/unityjit'
Mono config path = 'C:/Program Files/Unity/Hub/Editor/2020.2.3f1/Editor/Data/MonoBleedingEdge/etc'
Using monoOptions --debugger-agent=transport=dt_socket,embedding=1,server=y,suspend=n,address=127.0.0.1:56304
Begin MonoManager ReloadAssembly
Registering precompiled unity dll's ...
Register platform support module: C:/Program Files/Unity/Hub/Editor/2020.2.3f1/Editor/Data/PlaybackEngines/WebGLSupport/UnityEditor.WebGL.Extensions.dll
Register platform support module: C:/Program Files/Unity/Hub/Editor/2020.2.3f1/Editor/Data/PlaybackEngines/WindowsStandaloneSupport/UnityEditor.WindowsStandalone.Extensions.dll
Registered in 0.002223 seconds.
Native extension for WindowsStandalone target not found
Native extension for WebGL target not found
Refreshing native plugins compatible for Editor in 48.49 ms, found 6 plugins.
Preloading 0 native plugins for Editor in 0.00 ms.
Invoked RoslynAnalysisRunner static constructor.
RoslynAnalysisRunner will not be running.
RoslynAnalysisRunner has terminated.
Mono: successfully reloaded assembly
- Completed reload, in  1.506 seconds
Platform modules already initialized, skipping
Registering precompiled user dll's ...
Registered in 0.005104 seconds.
Begin MonoManager ReloadAssembly
Native extension for WindowsStandalone target not found
Native extension for WebGL target not found
Refreshing native plugins compatible for Editor in 53.73 ms, found 6 plugins.
Preloading 0 native plugins for Editor in 0.00 ms.
Invoked RoslynAnalysisRunner static constructor.
RoslynAnalysisRunner will not be running.
RoslynAnalysisRunner has terminated.
Mono: successfully reloaded assembly
Fallback handler could not load library C:/Program Files/Unity/Hub/Editor/2020.2.3f1/Editor/Data/Mono/lib/libdl
Fallback handler could not load library C:/Program Files/Unity/Hub/Editor/2020.2.3f1/Editor/Data/Mono/lib/libdl.dll
Fallback handler could not load library C:/Program Files/Unity/Hub/Editor/2020.2.3f1/Editor/Data/Mono/lib/libdl
Fallback handler could not load library C:/Program Files/Unity/Hub/Editor/2020.2.3f1/Editor/Data/Mono/lib/libdl
Fallback handler could not load library C:/Program Files/Unity/Hub/Editor/2020.2.3f1/Editor/Data/Mono/lib/libdl.dll
Fallback handler could not load library C:/Program Files/Unity/Hub/Editor/2020.2.3f1/Editor/Data/Mono/lib/libdl
- Completed reload, in  0.881 seconds
Platform modules already initialized, skipping
========================================================================
Worker process is ready to serve import requests
Launched and connected shader compiler UnityShaderCompiler.exe after 0.03 seconds
Refreshing native plugins compatible for Editor in 0.99 ms, found 6 plugins.
Preloading 0 native plugins for Editor in 0.00 ms.
Unloading 3296 Unused Serialized files (Serialized files now loaded: 0)
System memory in use before: 142.2 MB.
System memory in use after: 142.4 MB.

Unloading 66 unused Assets to reduce memory usage. Loaded Objects now: 3700.
Total: 2.767200 ms (FindLiveObjects: 0.454100 ms CreateObjectMapping: 0.178100 ms MarkObjects: 2.059800 ms  DeleteObjects: 0.074400 ms)

========================================================================
Received Import Request.
  path: Assets/Scenes/Login.unity
  artifactKey: Guid(3fc76f827250e8e41aaa828102ed3d44) Importer(815301076,1909f56bfc062723c751e8b465ee728b)
Start importing Assets/Scenes/Login.unity using Guid(3fc76f827250e8e41aaa828102ed3d44) Importer(815301076,1909f56bfc062723c751e8b465ee728b)  -> (artifact id: 'e19b3f2298f144be836c02a211104f22') in 0.015784 seconds
  Import took 0.020695 seconds .

========================================================================
Received Import Request.
  Time since last request: 0.854330 seconds.
  path: Assets/Scenes/flutterScene.unity
  artifactKey: Guid(9795d5e2f3624de408afc6dcf611ed73) Importer(815301076,1909f56bfc062723c751e8b465ee728b)
Start importing Assets/Scenes/flutterScene.unity using Guid(9795d5e2f3624de408afc6dcf611ed73) Importer(815301076,1909f56bfc062723c751e8b465ee728b)  -> (artifact id: 'c4b50a2289dfac4c50caef8d7c747358') in 0.005819 seconds
  Import took 0.010539 seconds .

========================================================================
Received Import Request.
  Time since last request: 1.116942 seconds.
  path: Assets/Scenes/Main Menu.unity
  artifactKey: Guid(24ee742a859af2547ad0e35088fdfa90) Importer(815301076,1909f56bfc062723c751e8b465ee728b)
Start importing Assets/Scenes/Main Menu.unity using Guid(24ee742a859af2547ad0e35088fdfa90) Importer(815301076,1909f56bfc062723c751e8b465ee728b)  -> (artifact id: '06731016dfd5d12b6c5021fe47771fe1') in 0.001678 seconds
  Import took 0.005973 seconds .

========================================================================
Received Import Request.
  Time since last request: 462.217701 seconds.
  path: Assets/Scenes/Main Menu.unity
  artifactKey: Guid(24ee742a859af2547ad0e35088fdfa90) Importer(815301076,1909f56bfc062723c751e8b465ee728b)
Start importing Assets/Scenes/Main Menu.unity using Guid(24ee742a859af2547ad0e35088fdfa90) Importer(815301076,1909f56bfc062723c751e8b465ee728b)  -> (artifact id: '2f0231b0d1b051c252aed99d649fbce5') in 0.001659 seconds
  Import took 0.006624 seconds .

========================================================================
Received Import Request.
  Time since last request: 98.369390 seconds.
  path: Assets/Scenes/tournament/TournamentMenu.unity
  artifactKey: Guid(0a5b415f9a2808f46931aae4c47803bb) Importer(815301076,1909f56bfc062723c751e8b465ee728b)
Start importing Assets/Scenes/tournament/TournamentMenu.unity using Guid(0a5b415f9a2808f46931aae4c47803bb) Importer(815301076,1909f56bfc062723c751e8b465ee728b)  -> (artifact id: '20d59cbc08ebf07794c122197981ae69') in 0.004920 seconds
  Import took 0.009323 seconds .

========================================================================
Received Import Request.
  Time since last request: 3.162752 seconds.
  path: Assets/Resources
  artifactKey: Guid(96a78c25a7367044d8d735aad672c162) Importer(815301076,1909f56bfc062723c751e8b465ee728b)
Start importing Assets/Resources using Guid(96a78c25a7367044d8d735aad672c162) Importer(815301076,1909f56bfc062723c751e8b465ee728b)  -> (artifact id: 'c87261c210f324267c5f6414d5dd55d3') in 0.005844 seconds
  Import took 0.010722 seconds .

========================================================================
Received Import Request.
  Time since last request: 317.424627 seconds.
  path: Assets/3dChessUiassets/chess assets/UPPER BG leaderboard.png
  artifactKey: Guid(203b7216b719d83459c0a9c9a355f0ae) Importer(815301076,1909f56bfc062723c751e8b465ee728b)
Start importing Assets/3dChessUiassets/chess assets/UPPER BG leaderboard.png using Guid(203b7216b719d83459c0a9c9a355f0ae) Importer(815301076,1909f56bfc062723c751e8b465ee728b)  -> (artifact id: '02bac322a262dfe71799bf7c344bc436') in 0.052470 seconds
  Import took 0.057730 seconds .

========================================================================
Received Import Request.
  Time since last request: 0.000136 seconds.
  path: Assets/3dChessUiassets/chess assets/upper bg puzzles.png
  artifactKey: Guid(4f5a4db5c5256d244845a4b2469519fe) Importer(815301076,1909f56bfc062723c751e8b465ee728b)
Start importing Assets/3dChessUiassets/chess assets/upper bg puzzles.png using Guid(4f5a4db5c5256d244845a4b2469519fe) Importer(815301076,1909f56bfc062723c751e8b465ee728b)  -> (artifact id: '1da486e8e1883a34176c356cfe32edde') in 0.008176 seconds
  Import took 0.011906 seconds .

========================================================================
Received Import Request.
  Time since last request: 0.000150 seconds.
  path: Assets/3dChessUiassets/chess assets/Vector 4.png
  artifactKey: Guid(1b469d2df1379514d8bb8ffcda78bc8d) Importer(815301076,1909f56bfc062723c751e8b465ee728b)
Start importing Assets/3dChessUiassets/chess assets/Vector 4.png using Guid(1b469d2df1379514d8bb8ffcda78bc8d) Importer(815301076,1909f56bfc062723c751e8b465ee728b)  -> (artifact id: 'bcd7fdefe69accc9b6da760f912121ec') in 0.009474 seconds
  Import took 0.013788 seconds .

========================================================================
Received Import Request.
  Time since last request: 0.000157 seconds.
  path: Assets/3dChessUiassets/chess assets/white.png
  artifactKey: Guid(f5c6e263e60153d4c8368aa481e66bb8) Importer(815301076,1909f56bfc062723c751e8b465ee728b)
Start importing Assets/3dChessUiassets/chess assets/white.png using Guid(f5c6e263e60153d4c8368aa481e66bb8) Importer(815301076,1909f56bfc062723c751e8b465ee728b)  -> (artifact id: '7154fa08b1753e9de7de5c12789e8de0') in 0.007136 seconds
  Import took 0.011166 seconds .

========================================================================
Received Import Request.
  Time since last request: 0.000150 seconds.
  path: Assets/3dChessUiassets/chess assets/win pop up.png
  artifactKey: Guid(0f7bda9a8f2970a48b52163c8470a978) Importer(815301076,1909f56bfc062723c751e8b465ee728b)
Start importing Assets/3dChessUiassets/chess assets/win pop up.png using Guid(0f7bda9a8f2970a48b52163c8470a978) Importer(815301076,1909f56bfc062723c751e8b465ee728b)  -> (artifact id: '50a968faeda301fb4bc595e245305702') in 0.008611 seconds
  Import took 0.012488 seconds .

========================================================================
Received Import Request.
  Time since last request: 0.000132 seconds.
  path: Assets/3dChessUiassets/chess assets/wrong move pop up.png
  artifactKey: Guid(682d27842caf9494894d357c5a03c759) Importer(815301076,1909f56bfc062723c751e8b465ee728b)
Start importing Assets/3dChessUiassets/chess assets/wrong move pop up.png using Guid(682d27842caf9494894d357c5a03c759) Importer(815301076,1909f56bfc062723c751e8b465ee728b)  -> (artifact id: '24ad5811ff9f989c503c183b441d2f35') in 0.006817 seconds
  Import took 0.010271 seconds .

========================================================================
Received Import Request.
  Time since last request: 0.000144 seconds.
  path: Assets/3dChessUiassets/chess assets/Vector 5.png
  artifactKey: Guid(3936c40b94e36a74a86c5bfb07ea24d4) Importer(815301076,1909f56bfc062723c751e8b465ee728b)
Start importing Assets/3dChessUiassets/chess assets/Vector 5.png using Guid(3936c40b94e36a74a86c5bfb07ea24d4) Importer(815301076,1909f56bfc062723c751e8b465ee728b)  -> (artifact id: '7cb309952499de2c2b34230e63abf21b') in 0.006462 seconds
  Import took 0.010500 seconds .

========================================================================
Received Import Request.
  Time since last request: 0.000150 seconds.
  path: Assets/3dChessUiassets/chess assets/Vector 2.png
  artifactKey: Guid(66460be9ac39c62408d790a278d6e2c0) Importer(815301076,1909f56bfc062723c751e8b465ee728b)
Start importing Assets/3dChessUiassets/chess assets/Vector 2.png using Guid(66460be9ac39c62408d790a278d6e2c0) Importer(815301076,1909f56bfc062723c751e8b465ee728b)  -> (artifact id: '3d3877bd6c24c3f88e9b223cf4b1b1ab') in 0.006599 seconds
  Import took 0.011116 seconds .

========================================================================
Received Import Request.
  Time since last request: 0.000146 seconds.
  path: Assets/3dChessUiassets/chess assets/Vector 6.png
  artifactKey: Guid(38f24ee97c4109e4faa43a0687166b92) Importer(815301076,1909f56bfc062723c751e8b465ee728b)
Start importing Assets/3dChessUiassets/chess assets/Vector 6.png using Guid(38f24ee97c4109e4faa43a0687166b92) Importer(815301076,1909f56bfc062723c751e8b465ee728b)  -> (artifact id: '78dccec9c42df2f00bacee6ed9d0dcd1') in 0.006250 seconds
  Import took 0.010511 seconds .

========================================================================
Received Import Request.
  Time since last request: 0.000132 seconds.
  path: Assets/3dChessUiassets/chess assets/upper bg tourn.png
  artifactKey: Guid(784ed9d13dadc004db9ff979f5f35ca4) Importer(815301076,1909f56bfc062723c751e8b465ee728b)
Start importing Assets/3dChessUiassets/chess assets/upper bg tourn.png using Guid(784ed9d13dadc004db9ff979f5f35ca4) Importer(815301076,1909f56bfc062723c751e8b465ee728b)  -> (artifact id: '4f67e63f56073add4221c40c88c20215') in 0.007625 seconds
  Import took 0.012573 seconds .

AssetImportWorkerClient::OnTransportError - code=2 error=End of file
